<?xml version="1.0" encoding="UTF-8"?>
<testsuite name="com.airtribe.assignment.parkinglot.parkinglot.ExitServiceTest" tests="3" skipped="0" failures="0" errors="0" timestamp="2025-08-02T17:34:20.272Z" hostname="DESKTOP-9E4NQIQ" time="1.057">
  <properties/>
  <testcase name="testProcessExit_InvalidTicket_ThrowsException()" classname="com.airtribe.assignment.parkinglot.parkinglot.ExitServiceTest" time="1.028"/>
  <testcase name="testProcessExit_Success()" classname="com.airtribe.assignment.parkinglot.parkinglot.ExitServiceTest" time="0.017"/>
  <testcase name="testProcessExit_SpaceNotFound_ThrowsException()" classname="com.airtribe.assignment.parkinglot.parkinglot.ExitServiceTest" time="0.01"/>
  <system-out><![CDATA[Payment of ₹40.0 completed using PaymentStrategy$MockitoMock$g4X3wb5l
Payment of ₹0.0 completed using PaymentStrategy$MockitoMock$g4X3wb5l
]]></system-out>
  <system-err><![CDATA[Mockito is currently self-attaching to enable the inline-mock-maker. This will no longer work in future releases of the JDK. Please add Mockito as an agent to your build as described in Mockito's documentation: https://javadoc.io/doc/org.mockito/mockito-core/latest/org.mockito/org/mockito/Mockito.html#0.3
WARNING: A Java agent has been loaded dynamically (C:\Users\bhoir\.gradle\caches\modules-2\files-2.1\net.bytebuddy\byte-buddy-agent\1.17.6\17b32fd9f57deef02842f7f05abc4ad8127fe34e\byte-buddy-agent-1.17.6.jar)
WARNING: If a serviceability tool is in use, please run with -XX:+EnableDynamicAgentLoading to hide this warning
WARNING: If a serviceability tool is not in use, please run with -Djdk.instrument.traceUsage for more information
WARNING: Dynamic loading of agents will be disallowed by default in a future release
]]></system-err>
</testsuite>
